{"/home/pedro/personal/algorithms/tdd-katas-marsRover/src/index.js": {"path":"/home/pedro/personal/algorithms/tdd-katas-marsRover/src/index.js","all":false,"statementMap":{"0":{"start":{"line":1,"column":0},"end":{"line":1,"column":31}},"1":{"start":{"line":2,"column":0},"end":{"line":2,"column":25}},"2":{"start":{"line":3,"column":0},"end":{"line":3,"column":31}},"3":{"start":{"line":4,"column":0},"end":{"line":4,"column":20}},"4":{"start":{"line":5,"column":0},"end":{"line":5,"column":5}},"5":{"start":{"line":6,"column":0},"end":{"line":6,"column":32}},"6":{"start":{"line":7,"column":0},"end":{"line":7,"column":20}},"7":{"start":{"line":8,"column":0},"end":{"line":8,"column":5}},"8":{"start":{"line":9,"column":0},"end":{"line":9,"column":18}},"9":{"start":{"line":10,"column":0},"end":{"line":10,"column":4}},"10":{"start":{"line":11,"column":0},"end":{"line":11,"column":1}}},"s":{"0":1,"1":1,"2":3,"3":1,"4":1,"5":3,"6":1,"7":1,"8":1,"9":1,"10":1},"branchMap":{"0":{"type":"branch","line":2,"loc":{"start":{"line":2,"column":2},"end":{"line":10,"column":4}},"locations":[{"start":{"line":2,"column":2},"end":{"line":10,"column":4}}]},"1":{"type":"branch","line":3,"loc":{"start":{"line":3,"column":30},"end":{"line":5,"column":5}},"locations":[{"start":{"line":3,"column":30},"end":{"line":5,"column":5}}]},"2":{"type":"branch","line":6,"loc":{"start":{"line":6,"column":-1},"end":{"line":6,"column":8}},"locations":[{"start":{"line":6,"column":-1},"end":{"line":6,"column":8}}]},"3":{"type":"branch","line":6,"loc":{"start":{"line":6,"column":31},"end":{"line":10,"column":4}},"locations":[{"start":{"line":6,"column":31},"end":{"line":10,"column":4}}]}},"b":{"0":[3],"1":[1],"2":[2],"3":[1]},"fnMap":{"0":{"name":"execute","decl":{"start":{"line":2,"column":2},"end":{"line":10,"column":4}},"loc":{"start":{"line":2,"column":2},"end":{"line":10,"column":4}},"line":2}},"f":{"0":3}}
}
