{"/home/pedro/personal/algorithms/tdd-katas-bowling/src/index.js": {"path":"/home/pedro/personal/algorithms/tdd-katas-bowling/src/index.js","all":false,"statementMap":{"0":{"start":{"line":1,"column":0},"end":{"line":1,"column":0}},"1":{"start":{"line":2,"column":0},"end":{"line":2,"column":0}},"2":{"start":{"line":3,"column":0},"end":{"line":3,"column":30}},"3":{"start":{"line":4,"column":0},"end":{"line":4,"column":56}},"4":{"start":{"line":5,"column":0},"end":{"line":5,"column":0}},"5":{"start":{"line":6,"column":0},"end":{"line":6,"column":15}},"6":{"start":{"line":7,"column":0},"end":{"line":7,"column":1}},"7":{"start":{"line":8,"column":0},"end":{"line":8,"column":27}}},"s":{"0":1,"1":1,"2":1,"3":2,"4":2,"5":2,"6":2,"7":1},"branchMap":{"0":{"type":"branch","line":3,"loc":{"start":{"line":3,"column":19},"end":{"line":7,"column":1}},"locations":[{"start":{"line":3,"column":19},"end":{"line":7,"column":1}}]},"1":{"type":"branch","line":4,"loc":{"start":{"line":4,"column":30},"end":{"line":4,"column":56}},"locations":[{"start":{"line":4,"column":30},"end":{"line":4,"column":56}}]}},"b":{"0":[2],"1":[38]},"fnMap":{"0":{"name":"calcScore","decl":{"start":{"line":3,"column":19},"end":{"line":7,"column":1}},"loc":{"start":{"line":3,"column":19},"end":{"line":7,"column":1}},"line":3}},"f":{"0":2}}
}
